<?xml version="1.0" encoding="UTF-8"?>
<!-- Generated by org.testng.reporters.JUnitReportReporter -->
<testsuite hostname="LogicalMonster" name="com.bryhas.project.mailrutest.tests.WeatherTest" tests="1" failures="0" timestamp="23 Jun 2015 20:50:42 GMT" time="32.348" errors="0">
  <testcase name="checkWeather" time="32.348" classname="com.bryhas.project.mailrutest.tests.WeatherTest"/>
</testsuite> <!-- com.bryhas.project.mailrutest.tests.WeatherTest -->
